
------------------------------------------------------------
Sender: LSF System <lsfadmin@e10u32>
Subject: Job 109079846: <dask-worker> in cluster <Janelia> Exited

Job <dask-worker> was submitted from host <e10u01> by user <ackermand> in cluster <Janelia> at Fri Oct 22 17:11:36 2021
Job was executed on host(s) <32*e10u32>, in queue <short>, as user <ackermand> in cluster <Janelia> at Fri Oct 22 17:11:36 2021
</groups/scicompsoft/home/ackermand> was used as the home directory.
</groups/scicompsoft/home/ackermand/Programming/multiresolution-mesh-creator> was used as the working directory.
Started at Fri Oct 22 17:11:36 2021
Terminated at Fri Oct 22 17:13:25 2021
Results reported at Fri Oct 22 17:13:25 2021

Your job looked like:

------------------------------------------------------------
# LSBATCH: User input
#!/usr/bin/env bash

#BSUB -J dask-worker
#BSUB -e dask-worker-logs/LSFCluster-0-%J.err
#BSUB -o dask-worker-logs/LSFCluster-0-%J.out
#BSUB -n 32
#BSUB -R "span[hosts=1]"
#BSUB -M 480000
#BSUB -W 01:00
#BSUB -P flyem

/groups/scicompsoft/home/ackermand/miniconda3/envs/multiresolution_mesh_creator/bin/python -m distributed.cli.dask_worker tcp://10.36.60.11:34275 --nthreads 1 --nprocs 31 --memory-limit 14.42GiB --name LSFCluster-0 --nanny --death-timeout 60 --protocol tcp://

------------------------------------------------------------

TERM_OWNER: job killed by owner.
Exited with signal termination: 14.

Resource usage summary:

    CPU time :                                   152.27 sec.
    Max Memory :                                 2893 MB
    Average Memory :                             2648.77 MB
    Total Requested Memory :                     491520.00 MB
    Delta Memory :                               488627.00 MB
    Max Swap :                                   -
    Max Processes :                              36
    Max Threads :                                2148
    Run time :                                   108 sec.
    Turnaround time :                            109 sec.

The output (if any) is above this job summary.



PS:

Read file <dask-worker-logs/LSFCluster-0-109079846.err> for stderr output of this job.

