
------------------------------------------------------------
Sender: LSF System <lsfadmin@e10u09>
Subject: Job 109081240: <dask-worker> in cluster <Janelia> Exited

Job <dask-worker> was submitted from host <e10u01> by user <ackermand> in cluster <Janelia> at Fri Oct 22 17:26:29 2021
Job was executed on host(s) <48*e10u09>, in queue <short>, as user <ackermand> in cluster <Janelia> at Fri Oct 22 17:26:29 2021
</groups/scicompsoft/home/ackermand> was used as the home directory.
</groups/scicompsoft/home/ackermand/Programming/multiresolution-mesh-creator> was used as the working directory.
Started at Fri Oct 22 17:26:29 2021
Terminated at Fri Oct 22 17:28:12 2021
Results reported at Fri Oct 22 17:28:12 2021

Your job looked like:

------------------------------------------------------------
# LSBATCH: User input
#!/usr/bin/env bash

#BSUB -J dask-worker
#BSUB -e job-logs/LSFCluster-0-%J.err
#BSUB -o job-logs/LSFCluster-0-%J.out
#BSUB -n 48
#BSUB -R "span[hosts=1]"
#BSUB -M 720000
#BSUB -W 01:00
#BSUB -P cosem

/groups/scicompsoft/home/ackermand/miniconda3/envs/multiresolution_mesh_creator/bin/python -m distributed.cli.dask_worker tcp://10.36.60.11:27599 --nthreads 1 --nprocs 40 --memory-limit 16.76GiB --name LSFCluster-0 --nanny --death-timeout 60 --protocol tcp://

------------------------------------------------------------

TERM_OWNER: job killed by owner.
Exited with signal termination: 14.

Resource usage summary:

    CPU time :                                   2062.00 sec.
    Max Memory :                                 112648 MB
    Average Memory :                             72492.88 MB
    Total Requested Memory :                     737280.00 MB
    Delta Memory :                               624632.00 MB
    Max Swap :                                   -
    Max Processes :                              180
    Max Threads :                                4049
    Run time :                                   101 sec.
    Turnaround time :                            103 sec.

The output (if any) is above this job summary.



PS:

Read file <job-logs/LSFCluster-0-109081240.err> for stderr output of this job.

