
------------------------------------------------------------
Sender: LSF System <lsfadmin@e10u09>
Subject: Job 109083473: <dask-worker> in cluster <Janelia> Exited

Job <dask-worker> was submitted from host <e10u01> by user <ackermand> in cluster <Janelia> at Fri Oct 22 18:02:00 2021
Job was executed on host(s) <48*e10u09>, in queue <short>, as user <ackermand> in cluster <Janelia> at Fri Oct 22 18:02:00 2021
</groups/scicompsoft/home/ackermand> was used as the home directory.
</groups/scicompsoft/home/ackermand/Programming/multiresolution-mesh-creator> was used as the working directory.
Started at Fri Oct 22 18:02:00 2021
Terminated at Fri Oct 22 18:02:37 2021
Results reported at Fri Oct 22 18:02:37 2021

Your job looked like:

------------------------------------------------------------
# LSBATCH: User input
#!/usr/bin/env bash

#BSUB -J dask-worker
#BSUB -e job-logs/LSFCluster-1-%J.err
#BSUB -o job-logs/LSFCluster-1-%J.out
#BSUB -n 48
#BSUB -R "span[hosts=1]"
#BSUB -M 720000
#BSUB -W 01:00
#BSUB -P cosem

/groups/scicompsoft/home/ackermand/miniconda3/envs/multiresolution_mesh_creator/bin/python -m distributed.cli.dask_worker tcp://10.36.60.11:31611 --nthreads 1 --nprocs 40 --memory-limit 16.76GiB --name LSFCluster-1 --nanny --death-timeout 60 --protocol tcp://

------------------------------------------------------------

Exited with exit code 1.

Resource usage summary:

    CPU time :                                   11.31 sec.
    Max Memory :                                 250 MB
    Average Memory :                             227.50 MB
    Total Requested Memory :                     737280.00 MB
    Delta Memory :                               737030.00 MB
    Max Swap :                                   -
    Max Processes :                              4
    Max Threads :                                103
    Run time :                                   35 sec.
    Turnaround time :                            37 sec.

The output (if any) is above this job summary.



PS:

Read file <job-logs/LSFCluster-1-109083473.err> for stderr output of this job.

