
------------------------------------------------------------
Sender: LSF System <lsfadmin@e10u08>
Subject: Job 109087512: <dask-worker> in cluster <Janelia> Exited

Job <dask-worker> was submitted from host <h07u18> by user <ackermand> in cluster <Janelia> at Fri Oct 22 18:40:11 2021
Job was executed on host(s) <48*e10u08>, in queue <short>, as user <ackermand> in cluster <Janelia> at Fri Oct 22 18:40:11 2021
</groups/scicompsoft/home/ackermand> was used as the home directory.
</groups/scicompsoft/home/ackermand/Programming/multiresolution-mesh-creator> was used as the working directory.
Started at Fri Oct 22 18:40:11 2021
Terminated at Fri Oct 22 18:51:30 2021
Results reported at Fri Oct 22 18:51:30 2021

Your job looked like:

------------------------------------------------------------
# LSBATCH: User input
#!/usr/bin/env bash

#BSUB -J dask-worker
#BSUB -e job-logs/LSFCluster-1-%J.err
#BSUB -o job-logs/LSFCluster-1-%J.out
#BSUB -n 48
#BSUB -R "span[hosts=1]"
#BSUB -M 720000
#BSUB -W 01:00
#BSUB -P cosem

/groups/scicompsoft/home/ackermand/miniconda3/envs/multiresolution_mesh_creator/bin/python -m distributed.cli.dask_worker tcp://10.36.107.28:22637 --nthreads 1 --nprocs 40 --memory-limit 16.76GiB --name LSFCluster-1 --nanny --death-timeout 60 --protocol tcp://

------------------------------------------------------------

TERM_OWNER: job killed by owner.
Exited with signal termination: 14.

Resource usage summary:

    CPU time :                                   4994.00 sec.
    Max Memory :                                 80871 MB
    Average Memory :                             68878.75 MB
    Total Requested Memory :                     737280.00 MB
    Delta Memory :                               656409.00 MB
    Max Swap :                                   2 MB
    Max Processes :                              53
    Max Threads :                                4074
    Run time :                                   677 sec.
    Turnaround time :                            679 sec.

The output (if any) is above this job summary.



PS:

Read file <job-logs/LSFCluster-1-109087512.err> for stderr output of this job.

