
------------------------------------------------------------
Sender: LSF System <lsfadmin@h07u04>
Subject: Job 109076965: <dask-worker> in cluster <Janelia> Exited

Job <dask-worker> was submitted from host <e10u01> by user <ackermand> in cluster <Janelia> at Fri Oct 22 16:55:12 2021
Job was executed on host(s) <32*h07u04>, in queue <short>, as user <ackermand> in cluster <Janelia> at Fri Oct 22 16:55:12 2021
</groups/scicompsoft/home/ackermand> was used as the home directory.
</groups/scicompsoft/home/ackermand/Programming/multiresolution-mesh-creator> was used as the working directory.
Started at Fri Oct 22 16:55:12 2021
Terminated at Fri Oct 22 16:55:20 2021
Results reported at Fri Oct 22 16:55:20 2021

Your job looked like:

------------------------------------------------------------
# LSBATCH: User input
#!/usr/bin/env bash

#BSUB -J dask-worker
#BSUB -e dask-logs/LSFCluster-0-%J.err
#BSUB -o dask-logs/LSFCluster-0-%J.out
#BSUB -n 32
#BSUB -R "span[hosts=1]"
#BSUB -M 480000
#BSUB -W 01:00
#BSUB -P flyem

/groups/scicompsoft/home/ackermand/miniconda3/envs/multiresolution_mesh_creator/bin/python -m distributed.cli.dask_worker tcp://10.36.60.11:34455 --nthreads 0 --nprocs 31 --memory-limit 461.46MiB --name LSFCluster-0 --nanny --death-timeout 60 --local-directory /scratch/ackermand --protocol tcp://

------------------------------------------------------------

TERM_OWNER: job killed by owner.
Exited with signal termination: 14.

Resource usage summary:

    CPU time :                                   81.88 sec.
    Max Memory :                                 2760 MB
    Average Memory :                             1336.50 MB
    Total Requested Memory :                     491520.00 MB
    Delta Memory :                               488760.00 MB
    Max Swap :                                   -
    Max Processes :                              36
    Max Threads :                                2055
    Run time :                                   8 sec.
    Turnaround time :                            8 sec.

The output (if any) is above this job summary.



PS:

Read file <dask-logs/LSFCluster-0-109076965.err> for stderr output of this job.

